2018-11-13 15:39:22 Notice: Deprecated (16384): RouteBuilder::extensions() is deprecated. Use RouteBuilder::setExtensions()/getExtensions() instead. - C:\Program Files (x86)\Ampps\www\Appli_Session_5\ChessTournament_V1\config\routes.php, line: 57
 You can disable deprecation warnings by setting `Error.errorLevel` to `E_ALL & ~E_USER_DEPRECATED` in your config/app.php. in [C:\Program Files (x86)\Ampps\www\Appli_Session_5\ChessTournament_V1\vendor\cakephp\cakephp\src\Core\functions.php, line 310]
Trace:
Cake\Error\BaseErrorHandler::handleError() - CORE\src\Error\BaseErrorHandler.php, line 159
deprecationWarning - CORE\src\Core\functions.php, line 310
Cake\Routing\RouteBuilder::extensions() - CORE\src\Routing\RouteBuilder.php, line 202
Cake\Http\BaseApplication::{closure}() - ROOT\config\routes.php, line 57
Cake\Routing\RouteBuilder::scope() - CORE\src\Routing\RouteBuilder.php, line 1010
Cake\Routing\Router::scope() - CORE\src\Routing\Router.php, line 1046
Cake\Routing\Router::prefix() - CORE\src\Routing\Router.php, line 1088
require - ROOT\config\routes.php, line 63
Cake\Http\BaseApplication::routes() - CORE\src\Http\BaseApplication.php, line 179
Cake\Console\CommandRunner::loadRoutes() - CORE\src\Console\CommandRunner.php, line 377
Cake\Console\CommandRunner::run() - CORE\src\Console\CommandRunner.php, line 150
[main] - ROOT\bin\cake.php, line 12



2018-12-16 16:21:46 Notice: Notice (8): Undefined offset: 0 in [C:\Program Files (x86)\Ampps\www\Appli_Session_5\ChessTournament_V1\tmp\bake\Bake-Element-create-tables-ctp.php, line 8]
Trace:
Cake\Error\BaseErrorHandler::handleError() - CORE\src\Error\BaseErrorHandler.php, line 159
include - ROOT\tmp\bake\Bake-Element-create-tables-ctp.php, line 8
Bake\View\BakeView::_evaluate() - ROOT\vendor\cakephp\bake\src\View\BakeView.php, line 214
Cake\View\View::_render() - CORE\src\View\View.php, line 1201
WyriHaximus\TwigView\View\TwigView::_render() - ROOT\vendor\wyrihaximus\twig-view\src\View\TwigView.php, line 166
Cake\View\View::_renderElement() - CORE\src\View\View.php, line 1598
Cake\View\View::element() - CORE\src\View\View.php, line 706
include - ROOT\tmp\bake\Bake-config-snapshot-ctp.php, line 37
Bake\View\BakeView::_evaluate() - ROOT\vendor\cakephp\bake\src\View\BakeView.php, line 214
Cake\View\View::_render() - CORE\src\View\View.php, line 1201
WyriHaximus\TwigView\View\TwigView::_render() - ROOT\vendor\wyrihaximus\twig-view\src\View\TwigView.php, line 166
Bake\View\BakeView::render() - ROOT\vendor\cakephp\bake\src\View\BakeView.php, line 146
Bake\Shell\Task\BakeTemplateTask::generate() - ROOT\vendor\cakephp\bake\src\Shell\Task\BakeTemplateTask.php, line 91
Bake\Shell\Task\SimpleBakeTask::bake() - ROOT\vendor\cakephp\bake\src\Shell\Task\SimpleBakeTask.php, line 105
Migrations\Shell\Task\SimpleMigrationTask::bake() - ROOT\vendor\cakephp\migrations\src\Shell\Task\SimpleMigrationTask.php, line 95
Migrations\Shell\Task\MigrationSnapshotTask::bake() - ROOT\vendor\cakephp\migrations\src\Shell\Task\MigrationSnapshotTask.php, line 48
Bake\Shell\Task\SimpleBakeTask::main() - ROOT\vendor\cakephp\bake\src\Shell\Task\SimpleBakeTask.php, line 91
Cake\Console\Shell::runCommand() - CORE\src\Console\Shell.php, line 532
Cake\Console\Shell::runCommand() - CORE\src\Console\Shell.php, line 525
Cake\Console\CommandRunner::runShell() - CORE\src\Console\CommandRunner.php, line 342
Cake\Console\CommandRunner::run() - CORE\src\Console\CommandRunner.php, line 164
[main] - ROOT\bin\cake.php, line 12



